<?xml version="1.0" encoding="UTF-8"?>
<testng-results ignored="0" total="0" passed="0" failed="0" skipped="0">
  <reporter-output>
  </reporter-output>
  <suite started-at="2023-08-24T12:35:00 IST" name="testrunner.Testrun" finished-at="2023-08-24T12:35:00 IST" duration-ms="6">
    <groups>
    </groups>
    <test started-at="2023-08-24T12:35:00 IST" name="Command line test" finished-at="2023-08-24T12:35:00 IST" duration-ms="6">
    </test> <!-- Command line test -->
  </suite> <!-- testrunner.Testrun -->
</testng-results>
