<?xml version="1.0" encoding="UTF-8"?>
<testng-results ignored="0" total="0" passed="0" failed="0" skipped="0">
  <reporter-output>
  </reporter-output>
  <suite started-at="2023-06-30T18:45:42 IST" name="Default suite" finished-at="2023-06-30T18:45:42 IST" duration-ms="575">
    <groups>
      <group name="cucumber">
        <method signature="AbstractTestNGCucumberTests.runScenario(io.cucumber.testng.PickleWrapper,io.cucumber.testng.FeatureWrapper)[pri:0, instance:testrunner.Testrun@f0c8a99]" name="runScenario" class="io.cucumber.testng.AbstractTestNGCucumberTests"/>
      </group> <!-- cucumber -->
    </groups>
    <test started-at="2023-06-30T18:45:42 IST" name="Default test" finished-at="2023-06-30T18:45:42 IST" duration-ms="575">
      <class name="testrunner.Testrun">
        <test-method is-config="true" signature="setUpClass(org.testng.ITestContext)[pri:0, instance:testrunner.Testrun@f0c8a99]" started-at="2023-06-30T18:45:42 IST" name="setUpClass" finished-at="2023-06-30T18:45:42 IST" duration-ms="509" status="PASS">
          <params>
            <param index="0">
              <value>
                <![CDATA[org.testng.TestRunner@127e70c5]]>
              </value>
            </param>
          </params>
          <reporter-output>
          </reporter-output>
        </test-method> <!-- setUpClass -->
        <test-method is-config="true" signature="tearDownClass()[pri:0, instance:testrunner.Testrun@f0c8a99]" started-at="2023-06-30T18:45:42 IST" name="tearDownClass" finished-at="2023-06-30T18:45:42 IST" duration-ms="34" status="PASS">
          <reporter-output>
          </reporter-output>
        </test-method> <!-- tearDownClass -->
      </class> <!-- testrunner.Testrun -->
    </test> <!-- Default test -->
  </suite> <!-- Default suite -->
</testng-results>
